<?xml version="1.0" encoding="UTF-8"?>
<testsuite name="dsb.GreetingControllerIntegrationTest" tests="1" skipped="0" failures="0" errors="0" timestamp="2017-01-02T09:58:51" hostname="jmfiz" time="0.412">
  <properties/>
  <testcase name="greetingShouldReturnDefaultMessage" classname="dsb.GreetingControllerIntegrationTest" time="0.412"/>
  <system-out><![CDATA[2017-01-02 10:58:50.651  INFO 6947 --- [    Test worker] .b.t.c.SpringBootTestContextBootstrapper : Neither @ContextConfiguration nor @ContextHierarchy found for test class [dsb.GreetingControllerIntegrationTest], using SpringBootContextLoader
2017-01-02 10:58:50.652  INFO 6947 --- [    Test worker] o.s.t.c.support.AbstractContextLoader    : Could not detect default resource locations for test class [dsb.GreetingControllerIntegrationTest]: no resource found for suffixes {-context.xml, Context.groovy}.
2017-01-02 10:58:50.652  INFO 6947 --- [    Test worker] t.c.s.AnnotationConfigContextLoaderUtils : Could not detect default configuration classes for test class [dsb.GreetingControllerIntegrationTest]: GreetingControllerIntegrationTest does not declare any static, non-private, non-final, nested classes annotated with @Configuration.
2017-01-02 10:58:50.655  INFO 6947 --- [    Test worker] .b.t.c.SpringBootTestContextBootstrapper : Found @SpringBootConfiguration dsb.Application for test class dsb.GreetingControllerIntegrationTest
2017-01-02 10:58:50.657  INFO 6947 --- [    Test worker] .b.t.c.SpringBootTestContextBootstrapper : Loaded default TestExecutionListener class names from location [META-INF/spring.factories]: [org.springframework.boot.test.mock.mockito.MockitoTestExecutionListener, org.springframework.boot.test.mock.mockito.ResetMocksTestExecutionListener, org.springframework.boot.test.autoconfigure.restdocs.RestDocsTestExecutionListener, org.springframework.boot.test.autoconfigure.web.client.MockRestServiceServerResetTestExecutionListener, org.springframework.boot.test.autoconfigure.web.servlet.MockMvcPrintOnlyOnFailureTestExecutionListener, org.springframework.boot.test.autoconfigure.web.servlet.WebDriverTestExecutionListener, org.springframework.test.context.web.ServletTestExecutionListener, org.springframework.test.context.support.DirtiesContextBeforeModesTestExecutionListener, org.springframework.test.context.support.DependencyInjectionTestExecutionListener, org.springframework.test.context.support.DirtiesContextTestExecutionListener, org.springframework.test.context.transaction.TransactionalTestExecutionListener, org.springframework.test.context.jdbc.SqlScriptsTestExecutionListener]
2017-01-02 10:58:50.659  INFO 6947 --- [    Test worker] .b.t.c.SpringBootTestContextBootstrapper : Could not instantiate TestExecutionListener [org.springframework.test.context.transaction.TransactionalTestExecutionListener]. Specify custom listener classes or make the default listener classes (and their required dependencies) available. Offending class: [org/springframework/transaction/TransactionDefinition]
2017-01-02 10:58:50.660  INFO 6947 --- [    Test worker] .b.t.c.SpringBootTestContextBootstrapper : Could not instantiate TestExecutionListener [org.springframework.test.context.jdbc.SqlScriptsTestExecutionListener]. Specify custom listener classes or make the default listener classes (and their required dependencies) available. Offending class: [org/springframework/transaction/interceptor/TransactionAttribute]
2017-01-02 10:58:50.660  INFO 6947 --- [    Test worker] .b.t.c.SpringBootTestContextBootstrapper : Using TestExecutionListeners: [org.springframework.test.context.web.ServletTestExecutionListener@1855aa5c, org.springframework.test.context.support.DirtiesContextBeforeModesTestExecutionListener@62a46b44, org.springframework.boot.test.autoconfigure.SpringBootDependencyInjectionTestExecutionListener@7f98990c, org.springframework.test.context.support.DirtiesContextTestExecutionListener@4b99af91, org.springframework.boot.test.autoconfigure.web.client.MockRestServiceServerResetTestExecutionListener@7eabebf4, org.springframework.boot.test.mock.mockito.ResetMocksTestExecutionListener@3f14512e, org.springframework.boot.test.autoconfigure.restdocs.RestDocsTestExecutionListener@47fff39, org.springframework.boot.test.autoconfigure.web.servlet.WebDriverTestExecutionListener@21c3d00, org.springframework.boot.test.mock.mockito.MockitoTestExecutionListener@23c992fc, org.springframework.boot.test.autoconfigure.web.servlet.MockMvcPrintOnlyOnFailureTestExecutionListener@3ec93a8a]

  .   ____          _            __ _ _
 /\\ / ___'_ __ _ _(_)_ __  __ _ \ \ \ \
( ( )\___ | '_ | '_| | '_ \/ _` | \ \ \ \
 \\/  ___)| |_)| | | | | || (_| |  ) ) ) )
  '  |____| .__|_| |_|_| |_\__, | / / / /
 =========|_|==============|___/=/_/_/_/
 :: Spring Boot ::        (v1.4.3.RELEASE)

2017-01-02 10:58:50.692  INFO 6947 --- [    Test worker] dsb.GreetingControllerIntegrationTest    : Starting GreetingControllerIntegrationTest on jmfiz with PID 6947 (started by jmfiz in /home/jmfiz/git/demo-springboot-bootstrap)
2017-01-02 10:58:50.692  INFO 6947 --- [    Test worker] dsb.GreetingControllerIntegrationTest    : No active profile set, falling back to default profiles: default
2017-01-02 10:58:50.694  INFO 6947 --- [    Test worker] ationConfigEmbeddedWebApplicationContext : Refreshing org.springframework.boot.context.embedded.AnnotationConfigEmbeddedWebApplicationContext@3449d531: startup date [Mon Jan 02 10:58:50 CET 2017]; root of context hierarchy
2017-01-02 10:58:51.135  INFO 6947 --- [    Test worker] s.b.c.e.t.TomcatEmbeddedServletContainer : Tomcat initialized with port(s): 0 (http)
2017-01-02 10:58:51.150  INFO 6947 --- [    Test worker] o.apache.catalina.core.StandardService   : Starting service Tomcat
2017-01-02 10:58:51.152  INFO 6947 --- [    Test worker] org.apache.catalina.core.StandardEngine  : Starting Servlet Engine: Apache Tomcat/8.5.6
2017-01-02 10:58:51.228  INFO 6947 --- [ost-startStop-1] o.a.c.c.C.[Tomcat].[localhost].[/]       : Initializing Spring embedded WebApplicationContext
2017-01-02 10:58:51.229  INFO 6947 --- [ost-startStop-1] o.s.web.context.ContextLoader            : Root WebApplicationContext: initialization completed in 535 ms
2017-01-02 10:58:51.292  INFO 6947 --- [ost-startStop-1] o.s.b.w.servlet.ServletRegistrationBean  : Mapping servlet: 'dispatcherServlet' to [/]
2017-01-02 10:58:51.295  INFO 6947 --- [ost-startStop-1] o.s.b.w.servlet.FilterRegistrationBean   : Mapping filter: 'characterEncodingFilter' to: [/*]
2017-01-02 10:58:51.296  INFO 6947 --- [ost-startStop-1] o.s.b.w.servlet.FilterRegistrationBean   : Mapping filter: 'hiddenHttpMethodFilter' to: [/*]
2017-01-02 10:58:51.296  INFO 6947 --- [ost-startStop-1] o.s.b.w.servlet.FilterRegistrationBean   : Mapping filter: 'httpPutFormContentFilter' to: [/*]
2017-01-02 10:58:51.296  INFO 6947 --- [ost-startStop-1] o.s.b.w.servlet.FilterRegistrationBean   : Mapping filter: 'requestContextFilter' to: [/*]
2017-01-02 10:58:51.490  INFO 6947 --- [    Test worker] s.w.s.m.m.a.RequestMappingHandlerAdapter : Looking for @ControllerAdvice: org.springframework.boot.context.embedded.AnnotationConfigEmbeddedWebApplicationContext@3449d531: startup date [Mon Jan 02 10:58:50 CET 2017]; root of context hierarchy
2017-01-02 10:58:51.506  INFO 6947 --- [    Test worker] s.w.s.m.m.a.RequestMappingHandlerMapping : Mapped "{[/welcome]}" onto public java.lang.String dsb.GreetingController.welcome(java.lang.String,org.springframework.ui.Model)
2017-01-02 10:58:51.508  INFO 6947 --- [    Test worker] s.w.s.m.m.a.RequestMappingHandlerMapping : Mapped "{[/error],produces=[text/html]}" onto public org.springframework.web.servlet.ModelAndView org.springframework.boot.autoconfigure.web.BasicErrorController.errorHtml(javax.servlet.http.HttpServletRequest,javax.servlet.http.HttpServletResponse)
2017-01-02 10:58:51.509  INFO 6947 --- [    Test worker] s.w.s.m.m.a.RequestMappingHandlerMapping : Mapped "{[/error]}" onto public org.springframework.http.ResponseEntity<java.util.Map<java.lang.String, java.lang.Object>> org.springframework.boot.autoconfigure.web.BasicErrorController.error(javax.servlet.http.HttpServletRequest)
2017-01-02 10:58:51.537  INFO 6947 --- [    Test worker] o.s.w.s.handler.SimpleUrlHandlerMapping  : Mapped URL path [/webjars/**] onto handler of type [class org.springframework.web.servlet.resource.ResourceHttpRequestHandler]
2017-01-02 10:58:51.537  INFO 6947 --- [    Test worker] o.s.w.s.handler.SimpleUrlHandlerMapping  : Mapped URL path [/**] onto handler of type [class org.springframework.web.servlet.resource.ResourceHttpRequestHandler]
2017-01-02 10:58:51.567  INFO 6947 --- [    Test worker] o.s.w.s.handler.SimpleUrlHandlerMapping  : Mapped URL path [/**/favicon.ico] onto handler of type [class org.springframework.web.servlet.resource.ResourceHttpRequestHandler]
2017-01-02 10:58:51.620  INFO 6947 --- [    Test worker] oConfiguration$WelcomePageHandlerMapping : Adding welcome page: class path resource [static/index.html]
2017-01-02 10:58:51.742  INFO 6947 --- [    Test worker] s.b.c.e.t.TomcatEmbeddedServletContainer : Tomcat started on port(s): 43044 (http)
2017-01-02 10:58:51.744  INFO 6947 --- [    Test worker] dsb.GreetingControllerIntegrationTest    : Started GreetingControllerIntegrationTest in 1.079 seconds (JVM running for 4.142)
2017-01-02 10:58:51.818  INFO 6947 --- [o-auto-1-exec-1] o.a.c.c.C.[Tomcat].[localhost].[/]       : Initializing Spring FrameworkServlet 'dispatcherServlet'
2017-01-02 10:58:51.818  INFO 6947 --- [o-auto-1-exec-1] o.s.web.servlet.DispatcherServlet        : FrameworkServlet 'dispatcherServlet': initialization started
2017-01-02 10:58:51.830  INFO 6947 --- [o-auto-1-exec-1] o.s.web.servlet.DispatcherServlet        : FrameworkServlet 'dispatcherServlet': initialization completed in 12 ms
]]></system-out>
  <system-err><![CDATA[]]></system-err>
</testsuite>
