<?xml version="1.0" encoding="UTF-8"?>
<testsuite name="dsb.GreetingControllerTest" tests="2" skipped="0" failures="0" errors="0" timestamp="2017-01-02T09:51:37" hostname="jmfiz" time="0.011">
  <properties/>
  <testcase name="testGreetingController1" classname="dsb.GreetingControllerTest" time="0.008"/>
  <testcase name="testGreetingController2" classname="dsb.GreetingControllerTest" time="0.002"/>
  <system-out><![CDATA[10:51:36.134 [Test worker] DEBUG org.springframework.test.context.junit4.SpringJUnit4ClassRunner - SpringJUnit4ClassRunner constructor called with [class dsb.GreetingControllerTest]
10:51:36.139 [Test worker] DEBUG org.springframework.test.context.BootstrapUtils - Instantiating CacheAwareContextLoaderDelegate from class [org.springframework.test.context.cache.DefaultCacheAwareContextLoaderDelegate]
10:51:36.146 [Test worker] DEBUG org.springframework.test.context.BootstrapUtils - Instantiating BootstrapContext using constructor [public org.springframework.test.context.support.DefaultBootstrapContext(java.lang.Class,org.springframework.test.context.CacheAwareContextLoaderDelegate)]
10:51:36.154 [Test worker] DEBUG org.springframework.test.context.BootstrapUtils - Instantiating TestContextBootstrapper for test class [dsb.GreetingControllerTest] from class [org.springframework.test.context.support.DefaultTestContextBootstrapper]
10:51:36.174 [Test worker] DEBUG org.springframework.test.context.support.DefaultTestContextBootstrapper - Found explicit ContextLoader class [org.springframework.boot.test.SpringApplicationContextLoader] for context configuration attributes [ContextConfigurationAttributes@69f034a7 declaringClass = 'dsb.AbstractTest', classes = '{class dsb.Application}', locations = '{}', inheritLocations = true, initializers = '{}', inheritInitializers = true, name = [null], contextLoaderClass = 'org.springframework.boot.test.SpringApplicationContextLoader']
10:51:36.181 [Test worker] DEBUG org.springframework.test.context.support.AbstractContextLoader - Did not detect default resource location for test class [dsb.AbstractTest]: class path resource [dsb/AbstractTest-context.xml] does not exist
10:51:36.182 [Test worker] DEBUG org.springframework.test.context.support.AbstractContextLoader - Did not detect default resource location for test class [dsb.AbstractTest]: class path resource [dsb/AbstractTestContext.groovy] does not exist
10:51:36.182 [Test worker] INFO org.springframework.test.context.support.AbstractContextLoader - Could not detect default resource locations for test class [dsb.AbstractTest]: no resource found for suffixes {-context.xml, Context.groovy}.
10:51:36.209 [Test worker] DEBUG org.springframework.test.context.support.ActiveProfilesUtils - Could not find an 'annotation declaring class' for annotation type [org.springframework.test.context.ActiveProfiles] and class [dsb.GreetingControllerTest]
10:51:36.210 [Test worker] DEBUG org.springframework.test.context.support.DefaultTestContextBootstrapper - @TestExecutionListeners is not present for class [dsb.GreetingControllerTest]: using defaults.
10:51:36.213 [Test worker] INFO org.springframework.test.context.support.DefaultTestContextBootstrapper - Loaded default TestExecutionListener class names from location [META-INF/spring.factories]: [org.springframework.boot.test.mock.mockito.MockitoTestExecutionListener, org.springframework.boot.test.mock.mockito.ResetMocksTestExecutionListener, org.springframework.boot.test.autoconfigure.restdocs.RestDocsTestExecutionListener, org.springframework.boot.test.autoconfigure.web.client.MockRestServiceServerResetTestExecutionListener, org.springframework.boot.test.autoconfigure.web.servlet.MockMvcPrintOnlyOnFailureTestExecutionListener, org.springframework.boot.test.autoconfigure.web.servlet.WebDriverTestExecutionListener, org.springframework.test.context.web.ServletTestExecutionListener, org.springframework.test.context.support.DirtiesContextBeforeModesTestExecutionListener, org.springframework.test.context.support.DependencyInjectionTestExecutionListener, org.springframework.test.context.support.DirtiesContextTestExecutionListener, org.springframework.test.context.transaction.TransactionalTestExecutionListener, org.springframework.test.context.jdbc.SqlScriptsTestExecutionListener]
10:51:36.220 [Test worker] INFO org.springframework.test.context.support.DefaultTestContextBootstrapper - Could not instantiate TestExecutionListener [org.springframework.test.context.transaction.TransactionalTestExecutionListener]. Specify custom listener classes or make the default listener classes (and their required dependencies) available. Offending class: [org/springframework/transaction/TransactionDefinition]
10:51:36.220 [Test worker] INFO org.springframework.test.context.support.DefaultTestContextBootstrapper - Could not instantiate TestExecutionListener [org.springframework.test.context.jdbc.SqlScriptsTestExecutionListener]. Specify custom listener classes or make the default listener classes (and their required dependencies) available. Offending class: [org/springframework/transaction/interceptor/TransactionAttribute]
10:51:36.220 [Test worker] INFO org.springframework.test.context.support.DefaultTestContextBootstrapper - Using TestExecutionListeners: [org.springframework.test.context.web.ServletTestExecutionListener@78a937e1, org.springframework.test.context.support.DirtiesContextBeforeModesTestExecutionListener@6a9ce3c9, org.springframework.test.context.support.DependencyInjectionTestExecutionListener@18471d2d, org.springframework.test.context.support.DirtiesContextTestExecutionListener@7e90d366, org.springframework.boot.test.autoconfigure.web.client.MockRestServiceServerResetTestExecutionListener@4fb7e56a, org.springframework.boot.test.autoconfigure.restdocs.RestDocsTestExecutionListener@42b8d5fe, org.springframework.boot.test.mock.mockito.ResetMocksTestExecutionListener@62b606f1, org.springframework.boot.test.autoconfigure.web.servlet.MockMvcPrintOnlyOnFailureTestExecutionListener@1ac5f222, org.springframework.boot.test.autoconfigure.web.servlet.WebDriverTestExecutionListener@6a29c8a5, org.springframework.boot.test.mock.mockito.MockitoTestExecutionListener@6ebae73b]
10:51:36.222 [Test worker] DEBUG org.springframework.test.annotation.ProfileValueUtils - Retrieved @ProfileValueSourceConfiguration [null] for test class [dsb.GreetingControllerTest]
10:51:36.223 [Test worker] DEBUG org.springframework.test.annotation.ProfileValueUtils - Retrieved ProfileValueSource type [class org.springframework.test.annotation.SystemProfileValueSource] for class [dsb.GreetingControllerTest]
10:51:36.225 [Test worker] DEBUG org.springframework.test.annotation.ProfileValueUtils - Retrieved @ProfileValueSourceConfiguration [null] for test class [dsb.GreetingControllerTest]
10:51:36.225 [Test worker] DEBUG org.springframework.test.annotation.ProfileValueUtils - Retrieved ProfileValueSource type [class org.springframework.test.annotation.SystemProfileValueSource] for class [dsb.GreetingControllerTest]
10:51:36.226 [Test worker] DEBUG org.springframework.test.annotation.ProfileValueUtils - Retrieved @ProfileValueSourceConfiguration [null] for test class [dsb.GreetingControllerTest]
10:51:36.226 [Test worker] DEBUG org.springframework.test.annotation.ProfileValueUtils - Retrieved ProfileValueSource type [class org.springframework.test.annotation.SystemProfileValueSource] for class [dsb.GreetingControllerTest]
10:51:36.227 [Test worker] DEBUG org.springframework.test.context.support.AbstractDirtiesContextTestExecutionListener - Before test class: context [DefaultTestContext@1d8e66f9 testClass = GreetingControllerTest, testInstance = [null], testMethod = [null], testException = [null], mergedContextConfiguration = [MergedContextConfiguration@7e5cc55c testClass = GreetingControllerTest, locations = '{}', classes = '{class dsb.Application}', contextInitializerClasses = '[]', activeProfiles = '{}', propertySourceLocations = '{}', propertySourceProperties = '{}', contextCustomizers = set[org.springframework.boot.test.context.filter.ExcludeFilterContextCustomizer@38a864c5, org.springframework.boot.test.mock.mockito.MockitoContextCustomizer@0, org.springframework.boot.test.autoconfigure.properties.PropertyMappingContextCustomizer@0, org.springframework.boot.test.autoconfigure.web.servlet.WebDriverContextCustomizerFactory$Customizer@3d20de84], contextLoader = 'org.springframework.boot.test.SpringApplicationContextLoader', parent = [null]]], class annotated with @DirtiesContext [false] with mode [null].
10:51:36.228 [Test worker] DEBUG org.springframework.test.annotation.ProfileValueUtils - Retrieved @ProfileValueSourceConfiguration [null] for test class [dsb.GreetingControllerTest]
10:51:36.228 [Test worker] DEBUG org.springframework.test.annotation.ProfileValueUtils - Retrieved ProfileValueSource type [class org.springframework.test.annotation.SystemProfileValueSource] for class [dsb.GreetingControllerTest]
10:51:36.229 [Test worker] DEBUG org.springframework.test.context.support.DependencyInjectionTestExecutionListener - Performing dependency injection for test context [[DefaultTestContext@1d8e66f9 testClass = GreetingControllerTest, testInstance = dsb.GreetingControllerTest@2b2d4645, testMethod = [null], testException = [null], mergedContextConfiguration = [MergedContextConfiguration@7e5cc55c testClass = GreetingControllerTest, locations = '{}', classes = '{class dsb.Application}', contextInitializerClasses = '[]', activeProfiles = '{}', propertySourceLocations = '{}', propertySourceProperties = '{}', contextCustomizers = set[org.springframework.boot.test.context.filter.ExcludeFilterContextCustomizer@38a864c5, org.springframework.boot.test.mock.mockito.MockitoContextCustomizer@0, org.springframework.boot.test.autoconfigure.properties.PropertyMappingContextCustomizer@0, org.springframework.boot.test.autoconfigure.web.servlet.WebDriverContextCustomizerFactory$Customizer@3d20de84], contextLoader = 'org.springframework.boot.test.SpringApplicationContextLoader', parent = [null]]]].
10:51:36.279 [Test worker] DEBUG org.springframework.core.env.StandardEnvironment - Adding [systemProperties] PropertySource with lowest search precedence
10:51:36.280 [Test worker] DEBUG org.springframework.core.env.StandardEnvironment - Adding [systemEnvironment] PropertySource with lowest search precedence
10:51:36.280 [Test worker] DEBUG org.springframework.core.env.StandardEnvironment - Initialized StandardEnvironment with PropertySources [systemProperties,systemEnvironment]
10:51:36.281 [Test worker] DEBUG org.springframework.core.env.StandardEnvironment - Adding [integrationTest] PropertySource with search precedence immediately lower than [systemEnvironment]

  .   ____          _            __ _ _
 /\\ / ___'_ __ _ _(_)_ __  __ _ \ \ \ \
( ( )\___ | '_ | '_| | '_ \/ _` | \ \ \ \
 \\/  ___)| |_)| | | | | || (_| |  ) ) ) )
  '  |____| .__|_| |_|_| |_\__, | / / / /
 =========|_|==============|___/=/_/_/_/
 :: Spring Boot ::        (v1.4.3.RELEASE)

2017-01-02 10:51:36.612  INFO 6743 --- [    Test worker] dsb.GreetingControllerTest               : Starting GreetingControllerTest on jmfiz with PID 6743 (started by jmfiz in /home/jmfiz/git/demo-springboot-bootstrap)
2017-01-02 10:51:36.614  INFO 6743 --- [    Test worker] dsb.GreetingControllerTest               : No active profile set, falling back to default profiles: default
2017-01-02 10:51:36.860  INFO 6743 --- [    Test worker] s.c.a.AnnotationConfigApplicationContext : Refreshing org.springframework.context.annotation.AnnotationConfigApplicationContext@54d3e6a3: startup date [Mon Jan 02 10:51:36 CET 2017]; root of context hierarchy
2017-01-02 10:51:37.972  INFO 6743 --- [    Test worker] dsb.GreetingControllerTest               : Started GreetingControllerTest in 1.69 seconds (JVM running for 2.404)
]]></system-out>
  <system-err><![CDATA[]]></system-err>
</testsuite>
