<?xml version="1.0" encoding="UTF-8"?>
<testsuite name="dsb.SmokeTest" tests="1" skipped="0" failures="0" errors="0" timestamp="2017-01-02T09:58:50" hostname="jmfiz" time="0.03">
  <properties/>
  <testcase name="contexLoads" classname="dsb.SmokeTest" time="0.03"/>
  <system-out><![CDATA[10:58:48.171 [Test worker] DEBUG org.springframework.test.context.junit4.SpringJUnit4ClassRunner - SpringJUnit4ClassRunner constructor called with [class dsb.SmokeTest]
10:58:48.174 [Test worker] DEBUG org.springframework.test.context.BootstrapUtils - Instantiating CacheAwareContextLoaderDelegate from class [org.springframework.test.context.cache.DefaultCacheAwareContextLoaderDelegate]
10:58:48.179 [Test worker] DEBUG org.springframework.test.context.BootstrapUtils - Instantiating BootstrapContext using constructor [public org.springframework.test.context.support.DefaultBootstrapContext(java.lang.Class,org.springframework.test.context.CacheAwareContextLoaderDelegate)]
10:58:48.191 [Test worker] DEBUG org.springframework.test.context.BootstrapUtils - Instantiating TestContextBootstrapper for test class [dsb.SmokeTest] from class [org.springframework.boot.test.context.SpringBootTestContextBootstrapper]
10:58:48.198 [Test worker] INFO org.springframework.boot.test.context.SpringBootTestContextBootstrapper - Neither @ContextConfiguration nor @ContextHierarchy found for test class [dsb.SmokeTest], using SpringBootContextLoader
10:58:48.201 [Test worker] DEBUG org.springframework.test.context.support.AbstractContextLoader - Did not detect default resource location for test class [dsb.SmokeTest]: class path resource [dsb/SmokeTest-context.xml] does not exist
10:58:48.201 [Test worker] DEBUG org.springframework.test.context.support.AbstractContextLoader - Did not detect default resource location for test class [dsb.SmokeTest]: class path resource [dsb/SmokeTestContext.groovy] does not exist
10:58:48.201 [Test worker] INFO org.springframework.test.context.support.AbstractContextLoader - Could not detect default resource locations for test class [dsb.SmokeTest]: no resource found for suffixes {-context.xml, Context.groovy}.
10:58:48.202 [Test worker] INFO org.springframework.test.context.support.AnnotationConfigContextLoaderUtils - Could not detect default configuration classes for test class [dsb.SmokeTest]: SmokeTest does not declare any static, non-private, non-final, nested classes annotated with @Configuration.
10:58:48.226 [Test worker] DEBUG org.springframework.test.context.support.ActiveProfilesUtils - Could not find an 'annotation declaring class' for annotation type [org.springframework.test.context.ActiveProfiles] and class [dsb.SmokeTest]
10:58:48.232 [Test worker] DEBUG org.springframework.core.env.StandardEnvironment - Adding [systemProperties] PropertySource with lowest search precedence
10:58:48.233 [Test worker] DEBUG org.springframework.core.env.StandardEnvironment - Adding [systemEnvironment] PropertySource with lowest search precedence
10:58:48.233 [Test worker] DEBUG org.springframework.core.env.StandardEnvironment - Initialized StandardEnvironment with PropertySources [systemProperties,systemEnvironment]
10:58:48.240 [Test worker] DEBUG org.springframework.core.io.support.PathMatchingResourcePatternResolver - Resolved classpath location [dsb/] to resources [URL [file:/home/jmfiz/git/demo-springboot-bootstrap/build/classes/integration/dsb/], URL [file:/home/jmfiz/git/demo-springboot-bootstrap/build/classes/main/dsb/], URL [file:/home/jmfiz/git/demo-springboot-bootstrap/build/classes/test/dsb/]]
10:58:48.241 [Test worker] DEBUG org.springframework.core.io.support.PathMatchingResourcePatternResolver - Looking for matching resources in directory tree [/home/jmfiz/git/demo-springboot-bootstrap/build/classes/integration/dsb]
10:58:48.241 [Test worker] DEBUG org.springframework.core.io.support.PathMatchingResourcePatternResolver - Searching directory [/home/jmfiz/git/demo-springboot-bootstrap/build/classes/integration/dsb] for files matching pattern [/home/jmfiz/git/demo-springboot-bootstrap/build/classes/integration/dsb/*.class]
10:58:48.244 [Test worker] DEBUG org.springframework.core.io.support.PathMatchingResourcePatternResolver - Looking for matching resources in directory tree [/home/jmfiz/git/demo-springboot-bootstrap/build/classes/main/dsb]
10:58:48.244 [Test worker] DEBUG org.springframework.core.io.support.PathMatchingResourcePatternResolver - Searching directory [/home/jmfiz/git/demo-springboot-bootstrap/build/classes/main/dsb] for files matching pattern [/home/jmfiz/git/demo-springboot-bootstrap/build/classes/main/dsb/*.class]
10:58:48.245 [Test worker] DEBUG org.springframework.core.io.support.PathMatchingResourcePatternResolver - Looking for matching resources in directory tree [/home/jmfiz/git/demo-springboot-bootstrap/build/classes/test/dsb]
10:58:48.245 [Test worker] DEBUG org.springframework.core.io.support.PathMatchingResourcePatternResolver - Searching directory [/home/jmfiz/git/demo-springboot-bootstrap/build/classes/test/dsb] for files matching pattern [/home/jmfiz/git/demo-springboot-bootstrap/build/classes/test/dsb/*.class]
10:58:48.245 [Test worker] DEBUG org.springframework.core.io.support.PathMatchingResourcePatternResolver - Resolved location pattern [classpath*:dsb/*.class] to resources [file [/home/jmfiz/git/demo-springboot-bootstrap/build/classes/integration/dsb/GreetingControllerIntegrationTest.class], file [/home/jmfiz/git/demo-springboot-bootstrap/build/classes/integration/dsb/SmokeTest.class], file [/home/jmfiz/git/demo-springboot-bootstrap/build/classes/main/dsb/Application.class], file [/home/jmfiz/git/demo-springboot-bootstrap/build/classes/main/dsb/GreetingController.class], file [/home/jmfiz/git/demo-springboot-bootstrap/build/classes/test/dsb/AbstractTest.class], file [/home/jmfiz/git/demo-springboot-bootstrap/build/classes/test/dsb/GreetingControllerTest.class]]
10:58:48.282 [Test worker] DEBUG org.springframework.context.annotation.ClassPathScanningCandidateComponentProvider - Identified candidate component class: file [/home/jmfiz/git/demo-springboot-bootstrap/build/classes/main/dsb/Application.class]
10:58:48.291 [Test worker] INFO org.springframework.boot.test.context.SpringBootTestContextBootstrapper - Found @SpringBootConfiguration dsb.Application for test class dsb.SmokeTest
10:58:48.294 [Test worker] DEBUG org.springframework.boot.test.context.SpringBootTestContextBootstrapper - @TestExecutionListeners is not present for class [dsb.SmokeTest]: using defaults.
10:58:48.298 [Test worker] INFO org.springframework.boot.test.context.SpringBootTestContextBootstrapper - Loaded default TestExecutionListener class names from location [META-INF/spring.factories]: [org.springframework.boot.test.mock.mockito.MockitoTestExecutionListener, org.springframework.boot.test.mock.mockito.ResetMocksTestExecutionListener, org.springframework.boot.test.autoconfigure.restdocs.RestDocsTestExecutionListener, org.springframework.boot.test.autoconfigure.web.client.MockRestServiceServerResetTestExecutionListener, org.springframework.boot.test.autoconfigure.web.servlet.MockMvcPrintOnlyOnFailureTestExecutionListener, org.springframework.boot.test.autoconfigure.web.servlet.WebDriverTestExecutionListener, org.springframework.test.context.web.ServletTestExecutionListener, org.springframework.test.context.support.DirtiesContextBeforeModesTestExecutionListener, org.springframework.test.context.support.DependencyInjectionTestExecutionListener, org.springframework.test.context.support.DirtiesContextTestExecutionListener, org.springframework.test.context.transaction.TransactionalTestExecutionListener, org.springframework.test.context.jdbc.SqlScriptsTestExecutionListener]
10:58:48.306 [Test worker] INFO org.springframework.boot.test.context.SpringBootTestContextBootstrapper - Could not instantiate TestExecutionListener [org.springframework.test.context.transaction.TransactionalTestExecutionListener]. Specify custom listener classes or make the default listener classes (and their required dependencies) available. Offending class: [org/springframework/transaction/TransactionDefinition]
10:58:48.307 [Test worker] INFO org.springframework.boot.test.context.SpringBootTestContextBootstrapper - Could not instantiate TestExecutionListener [org.springframework.test.context.jdbc.SqlScriptsTestExecutionListener]. Specify custom listener classes or make the default listener classes (and their required dependencies) available. Offending class: [org/springframework/transaction/interceptor/TransactionAttribute]
10:58:48.307 [Test worker] INFO org.springframework.boot.test.context.SpringBootTestContextBootstrapper - Using TestExecutionListeners: [org.springframework.test.context.web.ServletTestExecutionListener@13e7adbb, org.springframework.test.context.support.DirtiesContextBeforeModesTestExecutionListener@772fa7a9, org.springframework.boot.test.autoconfigure.SpringBootDependencyInjectionTestExecutionListener@2ecd45b9, org.springframework.test.context.support.DirtiesContextTestExecutionListener@6b8f97c0, org.springframework.boot.test.autoconfigure.web.client.MockRestServiceServerResetTestExecutionListener@452b757f, org.springframework.boot.test.mock.mockito.ResetMocksTestExecutionListener@4f33909c, org.springframework.boot.test.autoconfigure.restdocs.RestDocsTestExecutionListener@b97e44e, org.springframework.boot.test.autoconfigure.web.servlet.WebDriverTestExecutionListener@1c31536b, org.springframework.boot.test.mock.mockito.MockitoTestExecutionListener@22f5d1f, org.springframework.boot.test.autoconfigure.web.servlet.MockMvcPrintOnlyOnFailureTestExecutionListener@51cb8ab6]
10:58:48.308 [Test worker] DEBUG org.springframework.test.annotation.ProfileValueUtils - Retrieved @ProfileValueSourceConfiguration [null] for test class [dsb.SmokeTest]
10:58:48.309 [Test worker] DEBUG org.springframework.test.annotation.ProfileValueUtils - Retrieved ProfileValueSource type [class org.springframework.test.annotation.SystemProfileValueSource] for class [dsb.SmokeTest]
10:58:48.310 [Test worker] DEBUG org.springframework.test.annotation.ProfileValueUtils - Retrieved @ProfileValueSourceConfiguration [null] for test class [dsb.SmokeTest]
10:58:48.310 [Test worker] DEBUG org.springframework.test.annotation.ProfileValueUtils - Retrieved ProfileValueSource type [class org.springframework.test.annotation.SystemProfileValueSource] for class [dsb.SmokeTest]
10:58:48.311 [Test worker] DEBUG org.springframework.test.annotation.ProfileValueUtils - Retrieved @ProfileValueSourceConfiguration [null] for test class [dsb.SmokeTest]
10:58:48.311 [Test worker] DEBUG org.springframework.test.annotation.ProfileValueUtils - Retrieved ProfileValueSource type [class org.springframework.test.annotation.SystemProfileValueSource] for class [dsb.SmokeTest]
10:58:48.313 [Test worker] DEBUG org.springframework.test.context.support.AbstractDirtiesContextTestExecutionListener - Before test class: context [DefaultTestContext@157310cc testClass = SmokeTest, testInstance = [null], testMethod = [null], testException = [null], mergedContextConfiguration = [WebMergedContextConfiguration@49f25419 testClass = SmokeTest, locations = '{}', classes = '{class dsb.Application}', contextInitializerClasses = '[]', activeProfiles = '{}', propertySourceLocations = '{}', propertySourceProperties = '{org.springframework.boot.test.context.SpringBootTestContextBootstrapper=true}', contextCustomizers = set[org.springframework.boot.test.context.SpringBootTestContextCustomizer@707d67c5, org.springframework.boot.test.context.filter.ExcludeFilterContextCustomizer@64cb731f, org.springframework.boot.test.mock.mockito.MockitoContextCustomizer@0, org.springframework.boot.test.autoconfigure.properties.PropertyMappingContextCustomizer@0, org.springframework.boot.test.autoconfigure.web.servlet.WebDriverContextCustomizerFactory$Customizer@5535c4ee], resourceBasePath = 'src/main/webapp', contextLoader = 'org.springframework.boot.test.context.SpringBootContextLoader', parent = [null]]], class annotated with @DirtiesContext [false] with mode [null].
10:58:48.314 [Test worker] DEBUG org.springframework.test.annotation.ProfileValueUtils - Retrieved @ProfileValueSourceConfiguration [null] for test class [dsb.SmokeTest]
10:58:48.314 [Test worker] DEBUG org.springframework.test.annotation.ProfileValueUtils - Retrieved ProfileValueSource type [class org.springframework.test.annotation.SystemProfileValueSource] for class [dsb.SmokeTest]
10:58:48.354 [Test worker] DEBUG org.springframework.core.env.StandardEnvironment - Adding [systemProperties] PropertySource with lowest search precedence
10:58:48.354 [Test worker] DEBUG org.springframework.core.env.StandardEnvironment - Adding [systemEnvironment] PropertySource with lowest search precedence
10:58:48.355 [Test worker] DEBUG org.springframework.core.env.StandardEnvironment - Initialized StandardEnvironment with PropertySources [systemProperties,systemEnvironment]
10:58:48.355 [Test worker] DEBUG org.springframework.test.context.support.TestPropertySourceUtils - Adding inlined properties to environment: {spring.jmx.enabled=false, org.springframework.boot.test.context.SpringBootTestContextBootstrapper=true, server.port=-1}
10:58:48.356 [Test worker] DEBUG org.springframework.core.env.StandardEnvironment - Adding [Inlined Test Properties] PropertySource with highest search precedence

  .   ____          _            __ _ _
 /\\ / ___'_ __ _ _(_)_ __  __ _ \ \ \ \
( ( )\___ | '_ | '_| | '_ \/ _` | \ \ \ \
 \\/  ___)| |_)| | | | | || (_| |  ) ) ) )
  '  |____| .__|_| |_|_| |_\__, | / / / /
 =========|_|==============|___/=/_/_/_/
 :: Spring Boot ::        (v1.4.3.RELEASE)

2017-01-02 10:58:48.661  INFO 6947 --- [    Test worker] dsb.SmokeTest                            : Starting SmokeTest on jmfiz with PID 6947 (started by jmfiz in /home/jmfiz/git/demo-springboot-bootstrap)
2017-01-02 10:58:48.662  INFO 6947 --- [    Test worker] dsb.SmokeTest                            : No active profile set, falling back to default profiles: default
2017-01-02 10:58:48.910  INFO 6947 --- [    Test worker] o.s.w.c.s.GenericWebApplicationContext   : Refreshing org.springframework.web.context.support.GenericWebApplicationContext@4c15de70: startup date [Mon Jan 02 10:58:48 CET 2017]; root of context hierarchy
2017-01-02 10:58:50.058  INFO 6947 --- [    Test worker] s.w.s.m.m.a.RequestMappingHandlerAdapter : Looking for @ControllerAdvice: org.springframework.web.context.support.GenericWebApplicationContext@4c15de70: startup date [Mon Jan 02 10:58:48 CET 2017]; root of context hierarchy
2017-01-02 10:58:50.119  INFO 6947 --- [    Test worker] s.w.s.m.m.a.RequestMappingHandlerMapping : Mapped "{[/welcome]}" onto public java.lang.String dsb.GreetingController.welcome(java.lang.String,org.springframework.ui.Model)
2017-01-02 10:58:50.122  INFO 6947 --- [    Test worker] s.w.s.m.m.a.RequestMappingHandlerMapping : Mapped "{[/error],produces=[text/html]}" onto public org.springframework.web.servlet.ModelAndView org.springframework.boot.autoconfigure.web.BasicErrorController.errorHtml(javax.servlet.http.HttpServletRequest,javax.servlet.http.HttpServletResponse)
2017-01-02 10:58:50.123  INFO 6947 --- [    Test worker] s.w.s.m.m.a.RequestMappingHandlerMapping : Mapped "{[/error]}" onto public org.springframework.http.ResponseEntity<java.util.Map<java.lang.String, java.lang.Object>> org.springframework.boot.autoconfigure.web.BasicErrorController.error(javax.servlet.http.HttpServletRequest)
2017-01-02 10:58:50.158  INFO 6947 --- [    Test worker] o.s.w.s.handler.SimpleUrlHandlerMapping  : Mapped URL path [/webjars/**] onto handler of type [class org.springframework.web.servlet.resource.ResourceHttpRequestHandler]
2017-01-02 10:58:50.158  INFO 6947 --- [    Test worker] o.s.w.s.handler.SimpleUrlHandlerMapping  : Mapped URL path [/**] onto handler of type [class org.springframework.web.servlet.resource.ResourceHttpRequestHandler]
2017-01-02 10:58:50.202  INFO 6947 --- [    Test worker] o.s.w.s.handler.SimpleUrlHandlerMapping  : Mapped URL path [/**/favicon.ico] onto handler of type [class org.springframework.web.servlet.resource.ResourceHttpRequestHandler]
2017-01-02 10:58:50.486  INFO 6947 --- [    Test worker] oConfiguration$WelcomePageHandlerMapping : Adding welcome page: class path resource [static/index.html]
2017-01-02 10:58:50.602  INFO 6947 --- [    Test worker] dsb.SmokeTest                            : Started SmokeTest in 2.24 seconds (JVM running for 2.999)
]]></system-out>
  <system-err><![CDATA[]]></system-err>
</testsuite>
